<?xml version="1.0" encoding="UTF-8"?>
<!-- Generated by org.testng.reporters.JUnitReportReporter -->
<testsuite hostname="VNCP-Lap" failures="0" tests="1" name="com.xyzbank.testsuite.BankTest" time="9.019" errors="0" timestamp="2022-12-13T01:06:20 GMT" skipped="0">
  <testcase classname="com.xyzbank.testsuite.BankTest" name="customerShouldLoginAndLogoutSuceessfully" time="9.019"/>
  <system-out>
    <![CDATA[clickOnCustomerLoginTab[[ChromeDriver: chrome on WINDOWS (8d3f04bab727d1899cfb9e5c9c3692dd)] -> xpath: //button[@ng-click = 'customer()']]
searchcustomer1[[ChromeDriver: chrome on WINDOWS (8d3f04bab727d1899cfb9e5c9c3692dd)] -> xpath: //select[@name = 'userSelect']]
clickOnLoginButton[[ChromeDriver: chrome on WINDOWS (8d3f04bab727d1899cfb9e5c9c3692dd)] -> xpath: //button[@type = 'submit']]
verifyLogoutTabdisplayed[[ChromeDriver: chrome on WINDOWS (8d3f04bab727d1899cfb9e5c9c3692dd)] -> xpath: //button[@class = 'btn logout']]
clickOnLogout[[ChromeDriver: chrome on WINDOWS (8d3f04bab727d1899cfb9e5c9c3692dd)] -> xpath: //button[@class = 'btn logout']]
Click to see screenshot
<a target = "_blank" href=C:\Users\Nimisha\Week15-project5-com-xyz-bank-page-factory_NimishaPatel/test-output/html/customerShouldLoginAndLogoutSuceessfullyTue_Dec_13_01_06_18_GMT_2022.jpg>Screenshot</a>
<br>
Click to see screenshot
<a target = "_blank" href=C:\Users\Nimisha\Week15-project5-com-xyz-bank-page-factory_NimishaPatel/test-output/html/customerShouldLoginAndLogoutSuceessfullyTue_Dec_13_01_06_18_GMT_2022.jpg>Screenshot</a>
<br>]]>
  </system-out>
</testsuite> <!-- com.xyzbank.testsuite.BankTest -->
